#
# There is insufficient memory for the Java Runtime Environment to continue.
# Native memory allocation (mmap) failed to map 65536 bytes for Failed to commit metaspace.
# Possible reasons:
#   The system is out of physical RAM or swap space
#   The process is running with CompressedOops enabled, and the Java Heap may be blocking the growth of the native heap
# Possible solutions:
#   Reduce memory load on the system
#   Increase physical memory or swap space
#   Check if swap backing store is full
#   Decrease Java heap size (-Xmx/-Xms)
#   Decrease number of Java threads
#   Decrease Java thread stack sizes (-Xss)
#   Set larger code cache with -XX:ReservedCodeCacheSize=
#   JVM is running with Unscaled Compressed Oops mode in which the Java heap is
#     placed in the first 4GB address space. The Java Heap base address is the
#     maximum limit for the native heap growth. Please use -XX:HeapBaseMinAddress
#     to set the Java Heap base and to place the Java Heap above 4GB virtual address.
# This output file may be truncated or incomplete.
#
#  Out of Memory Error (virtualSpaceNode.cpp:110), pid=6160, tid=12860
#
# JRE version: Java(TM) SE Runtime Environment (17.0+35) (build 17+35-LTS-2724)
# Java VM: Java HotSpot(TM) 64-Bit Server VM (17+35-LTS-2724, mixed mode, emulated-client, sharing, tiered, compressed oops, compressed class ptrs, g1 gc, windows-amd64)
# No core dump will be written. Minidumps are not enabled by default on client versions of Windows
#

---------------  S U M M A R Y ------------

Command Line: -XX:TieredStopAtLevel=1 -Xverify:none -Dspring.output.ansi.enabled=always -Dcom.sun.management.jmxremote -Dspring.jmx.enabled=true -Dspring.liveBeansView.mbeanDomain -Dspring.application.admin.enabled=true -javaagent:C:\Program Files\JetBrains\IntelliJ IDEA 2021.3.2\lib\idea_rt.jar=63029:C:\Program Files\JetBrains\IntelliJ IDEA 2021.3.2\bin -Dfile.encoding=UTF-8 com.gsnotes.ApplicationLauncher

Host: Intel(R) Core(TM) i5-7200U CPU @ 2.50GHz, 4 cores, 7G,  Windows 10 , 64 bit Build 19041 (10.0.19041.1682)
Time: Tue May 31 17:58:09 2022 Maroc (heure d64 bit Build 19041 (10.0.19041.1682) elapsed time: 4.272871 seconds (0d 0h 0m 4s)

---------------  T H R E A D  ---------------

Current thread (0x0000019a520cdb60):  JavaThread "restartedMain" [_thread_in_vm, id=12860, stack(0x0000002e6d100000,0x0000002e6d200000)]

Stack: [0x0000002e6d100000,0x0000002e6d200000]
Native frames: (J=compiled Java code, j=interpreted, Vv=VM code, C=native code)
V  [jvm.dll+0x66f8ea]
V  [jvm.dll+0x7ce224]
V  [jvm.dll+0x7cf9ce]
V  [jvm.dll+0x7d0033]
V  [jvm.dll+0x242bb5]
V  [jvm.dll+0x7ca1cb]
V  [jvm.dll+0x615a46]
V  [jvm.dll+0x1be28e]
V  [jvm.dll+0x618381]
V  [jvm.dll+0x6163e6]
V  [jvm.dll+0x367892]
V  [jvm.dll+0x1dfb6b]
V  [jvm.dll+0x5375e9]
V  [jvm.dll+0x74971d]
V  [jvm.dll+0x74967a]
V  [jvm.dll+0x408f64]
V  [jvm.dll+0x41c6cb]
C  [java.dll+0x1657]

Java frames: (J=compiled Java code, j=interpreted, Vv=VM code)
j  java.lang.ClassLoader.defineClass0(Ljava/lang/ClassLoader;Ljava/lang/Class;Ljava/lang/String;[BIILjava/security/ProtectionDomain;ZILjava/lang/Object;)Ljava/lang/Class;+0 java.base@17
j  java.lang.System$2.defineClass(Ljava/lang/ClassLoader;Ljava/lang/Class;Ljava/lang/String;[BLjava/security/ProtectionDomain;ZILjava/lang/Object;)Ljava/lang/Class;+17 java.base@17
j  java.lang.invoke.MethodHandles$Lookup$ClassDefiner.defineClass(ZLjava/lang/Object;)Ljava/lang/Class;+54 java.base@17
j  java.lang.invoke.InvokerBytecodeGenerator.loadMethod([B)Ljava/lang/invoke/MemberName;+16 java.base@17
j  java.lang.invoke.InvokerBytecodeGenerator.generateCustomizedCode(Ljava/lang/invoke/LambdaForm;Ljava/lang/invoke/MethodType;)Ljava/lang/invoke/MemberName;+30 java.base@17
j  java.lang.invoke.LambdaForm.compileToBytecode()V+69 java.base@17
j  java.lang.invoke.DirectMethodHandle.makePreparedLambdaForm(Ljava/lang/invoke/MethodType;I)Ljava/lang/invoke/LambdaForm;+792 java.base@17
J 1374 c1 java.lang.invoke.DirectMethodHandle.preparedLambdaForm(Ljava/lang/invoke/MemberName;Z)Ljava/lang/invoke/LambdaForm; java.base@17 (244 bytes) @ 0x0000019a4774b44c [0x0000019a4774b1e0+0x000000000000026c]
j  java.lang.invoke.DirectMethodHandle.make(BLjava/lang/Class;Ljava/lang/invoke/MemberName;Ljava/lang/Class;)Ljava/lang/invoke/DirectMethodHandle;+116 java.base@17
j  java.lang.invoke.MethodHandles$Lookup.getDirectMethodCommon(BLjava/lang/Class;Ljava/lang/invoke/MemberName;ZZLjava/lang/invoke/MethodHandles$Lookup;)Ljava/lang/invoke/MethodHandle;+210 java.base@17
j  java.lang.invoke.MethodHandles$Lookup.getDirectMethodNoSecurityManager(BLjava/lang/Class;Ljava/lang/invoke/MemberName;Ljava/lang/invoke/MethodHandles$Lookup;)Ljava/lang/invoke/MethodHandle;+14 java.base@17
j  java.lang.invoke.MethodHandles$Lookup.getDirectMethodForConstant(BLjava/lang/Class;Ljava/lang/invoke/MemberName;)Ljava/lang/invoke/MethodHandle;+31 java.base@17
J 1399 c1 java.lang.invoke.MethodHandles$Lookup.linkMethodHandleConstant(BLjava/lang/Class;Ljava/lang/String;Ljava/lang/Object;)Ljava/lang/invoke/MethodHandle; java.base@17 (223 bytes) @ 0x0000019a477559ac [0x0000019a47755400+0x00000000000005ac]
J 1398 c1 java.lang.invoke.MethodHandleNatives.linkMethodHandleConstant(Ljava/lang/Class;ILjava/lang/Class;Ljava/lang/String;Ljava/lang/Object;)Ljava/lang/invoke/MethodHandle; java.base@17 (50 bytes) @ 0x0000019a47754e9c [0x0000019a47754e40+0x000000000000005c]
v  ~StubRoutines::call_stub
j  org.springframework.boot.context.properties.source.SystemEnvironmentPropertyMapper.getAncestorOfCheck()Ljava/util/function/BiPredicate;+1
j  org.springframework.boot.context.properties.source.SpringIterableConfigurationPropertySource.getAncestorOfCheck([Lorg/springframework/boot/context/properties/source/PropertyMapper;)Ljava/util/function/BiPredicate;+3
j  org.springframework.boot.context.properties.source.SpringIterableConfigurationPropertySource.<init>(Lorg/springframework/core/env/EnumerablePropertySource;[Lorg/springframework/boot/context/properties/source/PropertyMapper;)V+13
j  org.springframework.boot.context.properties.source.SpringConfigurationPropertySource.from(Lorg/springframework/core/env/PropertySource;)Lorg/springframework/boot/context/properties/source/SpringConfigurationPropertySource;+27
j  org.springframework.boot.context.properties.source.SpringConfigurationPropertySources.adapt(Lorg/springframework/core/env/PropertySource;)Lorg/springframework/boot/context/properties/source/ConfigurationPropertySource;+31
j  org.springframework.boot.context.properties.source.SpringConfigurationPropertySources$$Lambda$168+0x0000000800d1bc20.apply(Ljava/lang/Object;)Ljava/lang/Object;+8
j  org.springframework.boot.context.properties.source.SpringConfigurationPropertySources$SourcesIterator.fetchNext()Lorg/springframework/boot/context/properties/source/ConfigurationPropertySource;+122
j  org.springframework.boot.context.properties.source.SpringConfigurationPropertySources$SourcesIterator.hasNext()Z+1
j  org.springframework.boot.context.properties.source.ConfigurationPropertySourcesPropertySource.findConfigurationProperty(Lorg/springframework/boot/context/properties/source/ConfigurationPropertyName;)Lorg/springframework/boot/context/properties/source/ConfigurationProperty;+20
j  org.springframework.boot.context.properties.source.ConfigurationPropertySourcesPropertySource.findConfigurationProperty(Ljava/lang/String;)Lorg/springframework/boot/context/properties/source/ConfigurationProperty;+6
j  org.springframework.boot.context.properties.source.ConfigurationPropertySourcesPropertySource.getProperty(Ljava/lang/String;)Ljava/lang/Object;+2
j  org.springframework.boot.env.SpringApplicationJsonEnvironmentPostProcessor$JsonPropertyValue.get(Lorg/springframework/core/env/PropertySource;)Lorg/springframework/boot/env/SpringApplicationJsonEnvironmentPostProcessor$JsonPropertyValue;+22
j  org.springframework.boot.env.SpringApplicationJsonEnvironmentPostProcessor$$Lambda$166+0x0000000800d1b348.apply(Ljava/lang/Object;)Ljava/lang/Object;+4
j  java.util.stream.ReferencePipeline$3$1.accept(Ljava/lang/Object;)V+12 java.base@17
j  java.util.Spliterators$ArraySpliterator.tryAdvance(Ljava/util/function/Consumer;)Z+49 java.base@17
j  java.util.stream.ReferencePipeline.forEachWithCancel(Ljava/util/Spliterator;Ljava/util/stream/Sink;)Z+13 java.base@17
j  java.util.stream.AbstractPipeline.copyIntoWithCancel(Ljava/util/stream/Sink;Ljava/util/Spliterator;)Z+32 java.base@17
j  java.util.stream.AbstractPipeline.copyInto(Ljava/util/stream/Sink;Ljava/util/Spliterator;)V+49 java.base@17
j  java.util.stream.AbstractPipeline.wrapAndCopyInto(Ljava/util/stream/Sink;Ljava/util/Spliterator;)Ljava/util/stream/Sink;+13 java.base@17
j  java.util.stream.FindOps$FindOp.evaluateSequential(Ljava/util/stream/PipelineHelper;Ljava/util/Spliterator;)Ljava/lang/Object;+14 java.base@17
j  java.util.stream.AbstractPipeline.evaluate(Ljava/util/stream/TerminalOp;)Ljava/lang/Object;+88 java.base@17
j  java.util.stream.ReferencePipeline.findFirst()Ljava/util/Optional;+5 java.base@17
j  org.springframework.boot.env.SpringApplicationJsonEnvironmentPostProcessor.postProcessEnvironment(Lorg/springframework/core/env/ConfigurableEnvironment;Lorg/springframework/boot/SpringApplication;)V+31
j  org.springframework.boot.env.EnvironmentPostProcessorApplicationListener.onApplicationEnvironmentPreparedEvent(Lorg/springframework/boot/context/event/ApplicationEnvironmentPreparedEvent;)V+55
j  org.springframework.boot.env.EnvironmentPostProcessorApplicationListener.onApplicationEvent(Lorg/springframework/context/ApplicationEvent;)V+12
j  org.springframework.context.event.SimpleApplicationEventMulticaster.doInvokeListener(Lorg/springframework/context/ApplicationListener;Lorg/springframework/context/ApplicationEvent;)V+2
j  org.springframework.context.event.SimpleApplicationEventMulticaster.invokeListener(Lorg/springframework/context/ApplicationListener;Lorg/springframework/context/ApplicationEvent;)V+34
j  org.springframework.context.event.SimpleApplicationEventMulticaster.multicastEvent(Lorg/springframework/context/ApplicationEvent;Lorg/springframework/core/ResolvableType;)V+83
j  org.springframework.context.event.SimpleApplicationEventMulticaster.multicastEvent(Lorg/springframework/context/ApplicationEvent;)V+7
j  org.springframework.boot.context.event.EventPublishingRunListener.environmentPrepared(Lorg/springframework/boot/ConfigurableBootstrapContext;Lorg/springframework/core/env/ConfigurableEnvironment;)V+21
j  org.springframework.boot.SpringApplicationRunListeners.lambda$environmentPrepared$2(Lorg/springframework/boot/ConfigurableBootstrapContext;Lorg/springframework/core/env/ConfigurableEnvironment;Lorg/springframework/boot/SpringApplicationRunListener;)V+3
j  org.springframework.boot.SpringApplicationRunListeners$$Lambda$157+0x0000000800d12b58.accept(Ljava/lang/Object;)V+12
j  java.util.ArrayList.forEach(Ljava/util/function/Consumer;)V+46 java.base@17
j  org.springframework.boot.SpringApplicationRunListeners.doWithListeners(Ljava/lang/String;Ljava/util/function/Consumer;Ljava/util/function/Consumer;)V+17
j  org.springframework.boot.SpringApplicationRunListeners.doWithListeners(Ljava/lang/String;Ljava/util/function/Consumer;)V+4
j  org.springframework.boot.SpringApplicationRunListeners.environmentPrepared(Lorg/springframework/boot/ConfigurableBootstrapContext;Lorg/springframework/core/env/ConfigurableEnvironment;)V+10
j  org.springframework.boot.SpringApplication.prepareEnvironment(Lorg/springframework/boot/SpringApplicationRunListeners;Lorg/springframework/boot/DefaultBootstrapContext;Lorg/springframework/boot/ApplicationArguments;)Lorg/springframework/core/env/ConfigurableEnvironment;+27
j  org.springframework.boot.SpringApplication.run([Ljava/lang/String;)Lorg/springframework/context/ConfigurableApplicationContext;+52
j  org.springframework.boot.SpringApplication.run([Ljava/lang/Class;[Ljava/lang/String;)Lorg/springframework/context/ConfigurableApplicationContext;+9
j  org.springframework.boot.SpringApplication.run(Ljava/lang/Class;[Ljava/lang/String;)Lorg/springframework/context/ConfigurableApplicationContext;+9
j  com.gsnotes.ApplicationLauncher.main([Ljava/lang/String;)V+3
v  ~StubRoutines::call_stub
j  jdk.internal.reflect.NativeMethodAccessorImpl.invoke0(Ljava/lang/reflect/Method;Ljava/lang/Object;[Ljava/lang/Object;)Ljava/lang/Object;+0 java.base@17
j  jdk.internal.reflect.NativeMethodAccessorImpl.invoke(Ljava/lang/Object;[Ljava/lang/Object;)Ljava/lang/Object;+133 java.base@17
j  jdk.internal.reflect.DelegatingMethodAccessorImpl.invoke(Ljava/lang/Object;[Ljava/lang/Object;)Ljava/lang/Object;+6 java.base@17
j  java.lang.reflect.Method.invoke(Ljava/lang/Object;[Ljava/lang/Object;)Ljava/lang/Object;+59 java.base@17
j  org.springframework.boot.devtools.restart.RestartLauncher.run()V+42
v  ~StubRoutines::call_stub

---------------  P R O C E S S  ---------------

Threads class SMR info:
_java_thread_list=0x0000019a5260da90, length=16, elements={
0x0000019a3fbb35d0, 0x0000019a51276a50, 0x0000019a512778c0, 0x0000019a5128bb80,
0x0000019a5128e900, 0x0000019a51290a60, 0x0000019a51291bb0, 0x0000019a512962b0,
0x0000019a51297be0, 0x0000019a51d78680, 0x0000019a51dd2be0, 0x0000019a5212c7f0,
0x0000019a5212ccc0, 0x0000019a522b6790, 0x0000019a52637430, 0x0000019a520cdb60
}

Java Threads: ( => current thread )
  0x0000019a3fbb35d0 JavaThread "main" [_thread_blocked, id=21864, stack(0x0000002e6b600000,0x0000002e6b700000)]
  0x0000019a51276a50 JavaThread "Reference Handler" daemon [_thread_blocked, id=25376, stack(0x0000002e6be00000,0x0000002e6bf00000)]
  0x0000019a512778c0 JavaThread "Finalizer" daemon [_thread_blocked, id=11880, stack(0x0000002e6bf00000,0x0000002e6c000000)]
  0x0000019a5128bb80 JavaThread "Signal Dispatcher" daemon [_thread_blocked, id=10596, stack(0x0000002e6c000000,0x0000002e6c100000)]
  0x0000019a5128e900 JavaThread "Attach Listener" daemon [_thread_blocked, id=7872, stack(0x0000002e6c100000,0x0000002e6c200000)]
  0x0000019a51290a60 JavaThread "Service Thread" daemon [_thread_blocked, id=14104, stack(0x0000002e6c200000,0x0000002e6c300000)]
  0x0000019a51291bb0 JavaThread "Monitor Deflation Thread" daemon [_thread_blocked, id=11712, stack(0x0000002e6c300000,0x0000002e6c400000)]
  0x0000019a512962b0 JavaThread "C1 CompilerThread0" daemon [_thread_blocked, id=16408, stack(0x0000002e6c400000,0x0000002e6c500000)]
  0x0000019a51297be0 JavaThread "Sweeper thread" daemon [_thread_blocked, id=12440, stack(0x0000002e6c500000,0x0000002e6c600000)]
  0x0000019a51d78680 JavaThread "Common-Cleaner" daemon [_thread_blocked, id=20304, stack(0x0000002e6c600000,0x0000002e6c700000)]
  0x0000019a51dd2be0 JavaThread "C1 CompilerThread1" daemon [_thread_blocked, id=21176, stack(0x0000002e6c700000,0x0000002e6c800000)]
  0x0000019a5212c7f0 JavaThread "Monitor Ctrl-Break" daemon [_thread_in_native, id=19124, stack(0x0000002e6c800000,0x0000002e6c900000)]
  0x0000019a5212ccc0 JavaThread "Notification Thread" daemon [_thread_blocked, id=24192, stack(0x0000002e6c900000,0x0000002e6ca00000)]
  0x0000019a522b6790 JavaThread "RMI TCP Accept-0" daemon [_thread_in_native, id=1248, stack(0x0000002e6ca00000,0x0000002e6cb00000)]
  0x0000019a52637430 JavaThread "Thread-0" [_thread_blocked, id=13432, stack(0x0000002e6d000000,0x0000002e6d100000)]
=>0x0000019a520cdb60 JavaThread "restartedMain" [_thread_in_vm, id=12860, stack(0x0000002e6d100000,0x0000002e6d200000)]

Other Threads:
  0x0000019a5126f2a0 VMThread "VM Thread" [stack: 0x0000002e6bd00000,0x0000002e6be00000] [id=24840]
  0x0000019a522c5710 WatcherThread [stack: 0x0000002e6cb00000,0x0000002e6cc00000] [id=11324]
  0x0000019a3fbf0730 GCTaskThread "GC Thread#0" [stack: 0x0000002e6b800000,0x0000002e6b900000] [id=13336]
  0x0000019a52369970 GCTaskThread "GC Thread#1" [stack: 0x0000002e6cc00000,0x0000002e6cd00000] [id=1604]
  0x0000019a523bba80 GCTaskThread "GC Thread#2" [stack: 0x0000002e6cd00000,0x0000002e6ce00000] [id=16928]
  0x0000019a523c96b0 GCTaskThread "GC Thread#3" [stack: 0x0000002e6ce00000,0x0000002e6cf00000] [id=7196]
  0x0000019a3fc013f0 ConcurrentGCThread "G1 Main Marker" [stack: 0x0000002e6b900000,0x0000002e6ba00000] [id=27536]
  0x0000019a3fc01e00 ConcurrentGCThread "G1 Conc#0" [stack: 0x0000002e6ba00000,0x0000002e6bb00000] [id=17932]
  0x0000019a3fc78f90 ConcurrentGCThread "G1 Refine#0" [stack: 0x0000002e6bb00000,0x0000002e6bc00000] [id=24348]
  0x0000019a523c1160 ConcurrentGCThread "G1 Refine#1" [stack: 0x0000002e6cf00000,0x0000002e6d000000] [id=7548]
  0x0000019a3fc7a9c0 ConcurrentGCThread "G1 Service" [stack: 0x0000002e6bc00000,0x0000002e6bd00000] [id=13436]

Threads with active compile tasks:

VM state: not at safepoint (normal execution)

VM Mutex/Monitor currently owned by a thread:  ([mutex/lock_event])
[0x0000019a3fbacdd0] Metaspace_lock - owner thread: 0x0000019a520cdb60

Heap address: 0x0000000081400000, size: 2028 MB, Compressed Oops mode: 32-bit

CDS archive(s) mapped at: [0x0000000800000000-0x0000000800bc0000-0x0000000800bc0000), size 12320768, SharedBaseAddress: 0x0000000800000000, ArchiveRelocationMode: 0.
Compressed class space mapped at: 0x0000000800c00000-0x0000000840c00000, reserved size: 1073741824
Narrow klass base: 0x0000000800000000, Narrow klass shift: 0, Narrow klass range: 0x100000000

GC Precious Log:
 CPUs: 4 total, 4 available
 Memory: 8108M
 Large Page Support: Disabled
 NUMA Support: Disabled
 Compressed Oops: Enabled (32-bit)
 Heap Region Size: 1M
 Heap Min Capacity: 8M
 Heap Initial Capacity: 128M
 Heap Max Capacity: 2028M
 Pre-touch: Disabled
 Parallel Workers: 4
 Concurrent Workers: 1
 Concurrent Refinement Workers: 4
 Periodic GC: Disabled

Heap:
 garbage-first heap   total 131072K, used 41785K [0x0000000081400000, 0x0000000100000000)
  region size 1024K, 35 young (35840K), 2 survivors (2048K)
 Metaspace       used 8208K, committed 8384K, reserved 1056768K
  class space    used 1027K, committed 1088K, reserved 1048576K

Heap Regions: E=young(eden), S=young(survivor), O=old, HS=humongous(starts), HC=humongous(continues), CS=collection set, F=free, OA=open archive, CA=closed archive, TAMS=top-at-mark-start (previous, next)
|   0|0x0000000081400000, 0x0000000081500000, 0x0000000081500000|100%|HS|  |TAMS 0x0000000081400000, 0x0000000081400000| Complete 
|   1|0x0000000081500000, 0x0000000081600000, 0x0000000081600000|100%|HS|  |TAMS 0x0000000081500000, 0x0000000081500000| Complete 
|   2|0x0000000081600000, 0x0000000081700000, 0x0000000081700000|100%| O|  |TAMS 0x0000000081600000, 0x0000000081600000| Untracked 
|   3|0x0000000081700000, 0x0000000081800000, 0x0000000081800000|100%| O|  |TAMS 0x0000000081700000, 0x0000000081700000| Untracked 
|   4|0x0000000081800000, 0x0000000081900000, 0x0000000081900000|100%| O|  |TAMS 0x0000000081800000, 0x0000000081800000| Untracked 
|   5|0x0000000081900000, 0x0000000081a00000, 0x0000000081a00000|100%| O|  |TAMS 0x0000000081900000, 0x0000000081900000| Untracked 
|   6|0x0000000081a00000, 0x0000000081b00000, 0x0000000081b00000|100%| O|  |TAMS 0x0000000081a00000, 0x0000000081a00000| Untracked 
|   7|0x0000000081b00000, 0x0000000081c00000, 0x0000000081c00000|100%| O|  |TAMS 0x0000000081b00000, 0x0000000081b00000| Untracked 
|   8|0x0000000081c00000, 0x0000000081c40c00, 0x0000000081d00000| 25%| O|  |TAMS 0x0000000081c00000, 0x0000000081c00000| Untracked 
|   9|0x0000000081d00000, 0x0000000081d00000, 0x0000000081e00000|  0%| F|  |TAMS 0x0000000081d00000, 0x0000000081d00000| Untracked 
|  10|0x0000000081e00000, 0x0000000081e00000, 0x0000000081f00000|  0%| F|  |TAMS 0x0000000081e00000, 0x0000000081e00000| Untracked 
|  11|0x0000000081f00000, 0x0000000081f00000, 0x0000000082000000|  0%| F|  |TAMS 0x0000000081f00000, 0x0000000081f00000| Untracked 
|  12|0x0000000082000000, 0x0000000082000000, 0x0000000082100000|  0%| F|  |TAMS 0x0000000082000000, 0x0000000082000000| Untracked 
|  13|0x0000000082100000, 0x0000000082100000, 0x0000000082200000|  0%| F|  |TAMS 0x0000000082100000, 0x0000000082100000| Untracked 
|  14|0x0000000082200000, 0x0000000082200000, 0x0000000082300000|  0%| F|  |TAMS 0x0000000082200000, 0x0000000082200000| Untracked 
|  15|0x0000000082300000, 0x0000000082300000, 0x0000000082400000|  0%| F|  |TAMS 0x0000000082300000, 0x0000000082300000| Untracked 
|  16|0x0000000082400000, 0x0000000082400000, 0x0000000082500000|  0%| F|  |TAMS 0x0000000082400000, 0x0000000082400000| Untracked 
|  17|0x0000000082500000, 0x0000000082500000, 0x0000000082600000|  0%| F|  |TAMS 0x0000000082500000, 0x0000000082500000| Untracked 
|  18|0x0000000082600000, 0x0000000082600000, 0x0000000082700000|  0%| F|  |TAMS 0x0000000082600000, 0x0000000082600000| Untracked 
|  19|0x0000000082700000, 0x0000000082700000, 0x0000000082800000|  0%| F|  |TAMS 0x0000000082700000, 0x0000000082700000| Untracked 
|  20|0x0000000082800000, 0x0000000082800000, 0x0000000082900000|  0%| F|  |TAMS 0x0000000082800000, 0x0000000082800000| Untracked 
|  21|0x0000000082900000, 0x0000000082900000, 0x0000000082a00000|  0%| F|  |TAMS 0x0000000082900000, 0x0000000082900000| Untracked 
|  22|0x0000000082a00000, 0x0000000082a00000, 0x0000000082b00000|  0%| F|  |TAMS 0x0000000082a00000, 0x0000000082a00000| Untracked 
|  23|0x0000000082b00000, 0x0000000082b00000, 0x0000000082c00000|  0%| F|  |TAMS 0x0000000082b00000, 0x0000000082b00000| Untracked 
|  24|0x0000000082c00000, 0x0000000082c00000, 0x0000000082d00000|  0%| F|  |TAMS 0x0000000082c00000, 0x0000000082c00000| Untracked 
|  25|0x0000000082d00000, 0x0000000082d00000, 0x0000000082e00000|  0%| F|  |TAMS 0x0000000082d00000, 0x0000000082d00000| Untracked 
|  26|0x0000000082e00000, 0x0000000082e00000, 0x0000000082f00000|  0%| F|  |TAMS 0x0000000082e00000, 0x0000000082e00000| Untracked 
|  27|0x0000000082f00000, 0x0000000082f00000, 0x0000000083000000|  0%| F|  |TAMS 0x0000000082f00000, 0x0000000082f00000| Untracked 
|  28|0x0000000083000000, 0x0000000083000000, 0x0000000083100000|  0%| F|  |TAMS 0x0000000083000000, 0x0000000083000000| Untracked 
|  29|0x0000000083100000, 0x0000000083100000, 0x0000000083200000|  0%| F|  |TAMS 0x0000000083100000, 0x0000000083100000| Untracked 
|  30|0x0000000083200000, 0x0000000083200000, 0x0000000083300000|  0%| F|  |TAMS 0x0000000083200000, 0x0000000083200000| Untracked 
|  31|0x0000000083300000, 0x0000000083300000, 0x0000000083400000|  0%| F|  |TAMS 0x0000000083300000, 0x0000000083300000| Untracked 
|  32|0x0000000083400000, 0x0000000083400000, 0x0000000083500000|  0%| F|  |TAMS 0x0000000083400000, 0x0000000083400000| Untracked 
|  33|0x0000000083500000, 0x0000000083500000, 0x0000000083600000|  0%| F|  |TAMS 0x0000000083500000, 0x0000000083500000| Untracked 
|  34|0x0000000083600000, 0x0000000083600000, 0x0000000083700000|  0%| F|  |TAMS 0x0000000083600000, 0x0000000083600000| Untracked 
|  35|0x0000000083700000, 0x0000000083700000, 0x0000000083800000|  0%| F|  |TAMS 0x0000000083700000, 0x0000000083700000| Untracked 
|  36|0x0000000083800000, 0x0000000083800000, 0x0000000083900000|  0%| F|  |TAMS 0x0000000083800000, 0x0000000083800000| Untracked 
|  37|0x0000000083900000, 0x0000000083900000, 0x0000000083a00000|  0%| F|  |TAMS 0x0000000083900000, 0x0000000083900000| Untracked 
|  38|0x0000000083a00000, 0x0000000083a00000, 0x0000000083b00000|  0%| F|  |TAMS 0x0000000083a00000, 0x0000000083a00000| Untracked 
|  39|0x0000000083b00000, 0x0000000083b00000, 0x0000000083c00000|  0%| F|  |TAMS 0x0000000083b00000, 0x0000000083b00000| Untracked 
|  40|0x0000000083c00000, 0x0000000083c00000, 0x0000000083d00000|  0%| F|  |TAMS 0x0000000083c00000, 0x0000000083c00000| Untracked 
|  41|0x0000000083d00000, 0x0000000083d00000, 0x0000000083e00000|  0%| F|  |TAMS 0x0000000083d00000, 0x0000000083d00000| Untracked 
|  42|0x0000000083e00000, 0x0000000083e00000, 0x0000000083f00000|  0%| F|  |TAMS 0x0000000083e00000, 0x0000000083e00000| Untracked 
|  43|0x0000000083f00000, 0x0000000083f00000, 0x0000000084000000|  0%| F|  |TAMS 0x0000000083f00000, 0x0000000083f00000| Untracked 
|  44|0x0000000084000000, 0x0000000084000000, 0x0000000084100000|  0%| F|  |TAMS 0x0000000084000000, 0x0000000084000000| Untracked 
|  45|0x0000000084100000, 0x0000000084100000, 0x0000000084200000|  0%| F|  |TAMS 0x0000000084100000, 0x0000000084100000| Untracked 
|  46|0x0000000084200000, 0x0000000084200000, 0x0000000084300000|  0%| F|  |TAMS 0x0000000084200000, 0x0000000084200000| Untracked 
|  47|0x0000000084300000, 0x0000000084300000, 0x0000000084400000|  0%| F|  |TAMS 0x0000000084300000, 0x0000000084300000| Untracked 
|  48|0x0000000084400000, 0x0000000084400000, 0x0000000084500000|  0%| F|  |TAMS 0x0000000084400000, 0x0000000084400000| Untracked 
|  49|0x0000000084500000, 0x0000000084500000, 0x0000000084600000|  0%| F|  |TAMS 0x0000000084500000, 0x0000000084500000| Untracked 
|  50|0x0000000084600000, 0x0000000084600000, 0x0000000084700000|  0%| F|  |TAMS 0x0000000084600000, 0x0000000084600000| Untracked 
|  51|0x0000000084700000, 0x0000000084700000, 0x0000000084800000|  0%| F|  |TAMS 0x0000000084700000, 0x0000000084700000| Untracked 
|  52|0x0000000084800000, 0x0000000084800000, 0x0000000084900000|  0%| F|  |TAMS 0x0000000084800000, 0x0000000084800000| Untracked 
|  53|0x0000000084900000, 0x0000000084900000, 0x0000000084a00000|  0%| F|  |TAMS 0x0000000084900000, 0x0000000084900000| Untracked 
|  54|0x0000000084a00000, 0x0000000084a00000, 0x0000000084b00000|  0%| F|  |TAMS 0x0000000084a00000, 0x0000000084a00000| Untracked 
|  55|0x0000000084b00000, 0x0000000084b00000, 0x0000000084c00000|  0%| F|  |TAMS 0x0000000084b00000, 0x0000000084b00000| Untracked 
|  56|0x0000000084c00000, 0x0000000084c00000, 0x0000000084d00000|  0%| F|  |TAMS 0x0000000084c00000, 0x0000000084c00000| Untracked 
|  57|0x0000000084d00000, 0x0000000084d00000, 0x0000000084e00000|  0%| F|  |TAMS 0x0000000084d00000, 0x0000000084d00000| Untracked 
|  58|0x0000000084e00000, 0x0000000084e00000, 0x0000000084f00000|  0%| F|  |TAMS 0x0000000084e00000, 0x0000000084e00000| Untracked 
|  59|0x0000000084f00000, 0x0000000084f00000, 0x0000000085000000|  0%| F|  |TAMS 0x0000000084f00000, 0x0000000084f00000| Untracked 
|  60|0x0000000085000000, 0x0000000085000000, 0x0000000085100000|  0%| F|  |TAMS 0x0000000085000000, 0x0000000085000000| Untracked 
|  61|0x0000000085100000, 0x0000000085100000, 0x0000000085200000|  0%| F|  |TAMS 0x0000000085100000, 0x0000000085100000| Untracked 
|  62|0x0000000085200000, 0x0000000085200000, 0x0000000085300000|  0%| F|  |TAMS 0x0000000085200000, 0x0000000085200000| Untracked 
|  63|0x0000000085300000, 0x0000000085300000, 0x0000000085400000|  0%| F|  |TAMS 0x0000000085300000, 0x0000000085300000| Untracked 
|  64|0x0000000085400000, 0x0000000085400000, 0x0000000085500000|  0%| F|  |TAMS 0x0000000085400000, 0x0000000085400000| Untracked 
|  65|0x0000000085500000, 0x0000000085500000, 0x0000000085600000|  0%| F|  |TAMS 0x0000000085500000, 0x0000000085500000| Untracked 
|  66|0x0000000085600000, 0x0000000085600000, 0x0000000085700000|  0%| F|  |TAMS 0x0000000085600000, 0x0000000085600000| Untracked 
|  67|0x0000000085700000, 0x0000000085700000, 0x0000000085800000|  0%| F|  |TAMS 0x0000000085700000, 0x0000000085700000| Untracked 
|  68|0x0000000085800000, 0x0000000085800000, 0x0000000085900000|  0%| F|  |TAMS 0x0000000085800000, 0x0000000085800000| Untracked 
|  69|0x0000000085900000, 0x0000000085900000, 0x0000000085a00000|  0%| F|  |TAMS 0x0000000085900000, 0x0000000085900000| Untracked 
|  70|0x0000000085a00000, 0x0000000085a00000, 0x0000000085b00000|  0%| F|  |TAMS 0x0000000085a00000, 0x0000000085a00000| Untracked 
|  71|0x0000000085b00000, 0x0000000085b00000, 0x0000000085c00000|  0%| F|  |TAMS 0x0000000085b00000, 0x0000000085b00000| Untracked 
|  72|0x0000000085c00000, 0x0000000085c00000, 0x0000000085d00000|  0%| F|  |TAMS 0x0000000085c00000, 0x0000000085c00000| Untracked 
|  73|0x0000000085d00000, 0x0000000085d00000, 0x0000000085e00000|  0%| F|  |TAMS 0x0000000085d00000, 0x0000000085d00000| Untracked 
|  74|0x0000000085e00000, 0x0000000085e00000, 0x0000000085f00000|  0%| F|  |TAMS 0x0000000085e00000, 0x0000000085e00000| Untracked 
|  75|0x0000000085f00000, 0x0000000085f00000, 0x0000000086000000|  0%| F|  |TAMS 0x0000000085f00000, 0x0000000085f00000| Untracked 
|  76|0x0000000086000000, 0x0000000086000000, 0x0000000086100000|  0%| F|  |TAMS 0x0000000086000000, 0x0000000086000000| Untracked 
|  77|0x0000000086100000, 0x0000000086100000, 0x0000000086200000|  0%| F|  |TAMS 0x0000000086100000, 0x0000000086100000| Untracked 
|  78|0x0000000086200000, 0x0000000086200000, 0x0000000086300000|  0%| F|  |TAMS 0x0000000086200000, 0x0000000086200000| Untracked 
|  79|0x0000000086300000, 0x0000000086300000, 0x0000000086400000|  0%| F|  |TAMS 0x0000000086300000, 0x0000000086300000| Untracked 
|  80|0x0000000086400000, 0x0000000086400000, 0x0000000086500000|  0%| F|  |TAMS 0x0000000086400000, 0x0000000086400000| Untracked 
|  81|0x0000000086500000, 0x0000000086500000, 0x0000000086600000|  0%| F|  |TAMS 0x0000000086500000, 0x0000000086500000| Untracked 
|  82|0x0000000086600000, 0x0000000086600000, 0x0000000086700000|  0%| F|  |TAMS 0x0000000086600000, 0x0000000086600000| Untracked 
|  83|0x0000000086700000, 0x0000000086700000, 0x0000000086800000|  0%| F|  |TAMS 0x0000000086700000, 0x0000000086700000| Untracked 
|  84|0x0000000086800000, 0x0000000086800000, 0x0000000086900000|  0%| F|  |TAMS 0x0000000086800000, 0x0000000086800000| Untracked 
|  85|0x0000000086900000, 0x0000000086900000, 0x0000000086a00000|  0%| F|  |TAMS 0x0000000086900000, 0x0000000086900000| Untracked 
|  86|0x0000000086a00000, 0x0000000086a00000, 0x0000000086b00000|  0%| F|  |TAMS 0x0000000086a00000, 0x0000000086a00000| Untracked 
|  87|0x0000000086b00000, 0x0000000086b00000, 0x0000000086c00000|  0%| F|  |TAMS 0x0000000086b00000, 0x0000000086b00000| Untracked 
|  88|0x0000000086c00000, 0x0000000086c00000, 0x0000000086d00000|  0%| F|  |TAMS 0x0000000086c00000, 0x0000000086c00000| Untracked 
|  89|0x0000000086d00000, 0x0000000086d00000, 0x0000000086e00000|  0%| F|  |TAMS 0x0000000086d00000, 0x0000000086d00000| Untracked 
|  90|0x0000000086e00000, 0x0000000086e00000, 0x0000000086f00000|  0%| F|  |TAMS 0x0000000086e00000, 0x0000000086e00000| Untracked 
|  91|0x0000000086f00000, 0x0000000086f00000, 0x0000000087000000|  0%| F|  |TAMS 0x0000000086f00000, 0x0000000086f00000| Untracked 
|  92|0x0000000087000000, 0x0000000087000000, 0x0000000087100000|  0%| F|  |TAMS 0x0000000087000000, 0x0000000087000000| Untracked 
|  93|0x0000000087100000, 0x00000000871f9bf8, 0x0000000087200000| 97%| E|  |TAMS 0x0000000087100000, 0x0000000087100000| Complete 
|  94|0x0000000087200000, 0x0000000087300000, 0x0000000087300000|100%| E|CS|TAMS 0x0000000087200000, 0x0000000087200000| Complete 
|  95|0x0000000087300000, 0x0000000087400000, 0x0000000087400000|100%| E|CS|TAMS 0x0000000087300000, 0x0000000087300000| Complete 
|  96|0x0000000087400000, 0x0000000087500000, 0x0000000087500000|100%| E|CS|TAMS 0x0000000087400000, 0x0000000087400000| Complete 
|  97|0x0000000087500000, 0x0000000087600000, 0x0000000087600000|100%| E|CS|TAMS 0x0000000087500000, 0x0000000087500000| Complete 
|  98|0x0000000087600000, 0x0000000087700000, 0x0000000087700000|100%| E|CS|TAMS 0x0000000087600000, 0x0000000087600000| Complete 
|  99|0x0000000087700000, 0x0000000087800000, 0x0000000087800000|100%| E|CS|TAMS 0x0000000087700000, 0x0000000087700000| Complete 
| 100|0x0000000087800000, 0x0000000087900000, 0x0000000087900000|100%| E|CS|TAMS 0x0000000087800000, 0x0000000087800000| Complete 
| 101|0x0000000087900000, 0x0000000087a00000, 0x0000000087a00000|100%| E|CS|TAMS 0x0000000087900000, 0x0000000087900000| Complete 
| 102|0x0000000087a00000, 0x0000000087b00000, 0x0000000087b00000|100%| E|CS|TAMS 0x0000000087a00000, 0x0000000087a00000| Complete 
| 103|0x0000000087b00000, 0x0000000087c00000, 0x0000000087c00000|100%| E|CS|TAMS 0x0000000087b00000, 0x0000000087b00000| Complete 
| 104|0x0000000087c00000, 0x0000000087d00000, 0x0000000087d00000|100%| E|CS|TAMS 0x0000000087c00000, 0x0000000087c00000| Complete 
| 105|0x0000000087d00000, 0x0000000087d8d810, 0x0000000087e00000| 55%| S|CS|TAMS 0x0000000087d00000, 0x0000000087d00000| Complete 
| 106|0x0000000087e00000, 0x0000000087f00000, 0x0000000087f00000|100%| S|CS|TAMS 0x0000000087e00000, 0x0000000087e00000| Complete 
| 107|0x0000000087f00000, 0x0000000088000000, 0x0000000088000000|100%| E|CS|TAMS 0x0000000087f00000, 0x0000000087f00000| Complete 
| 108|0x0000000088000000, 0x0000000088100000, 0x0000000088100000|100%| E|CS|TAMS 0x0000000088000000, 0x0000000088000000| Complete 
| 109|0x0000000088100000, 0x0000000088200000, 0x0000000088200000|100%| E|CS|TAMS 0x0000000088100000, 0x0000000088100000| Complete 
| 110|0x0000000088200000, 0x0000000088300000, 0x0000000088300000|100%| E|CS|TAMS 0x0000000088200000, 0x0000000088200000| Complete 
| 111|0x0000000088300000, 0x0000000088400000, 0x0000000088400000|100%| E|CS|TAMS 0x0000000088300000, 0x0000000088300000| Complete 
| 112|0x0000000088400000, 0x0000000088500000, 0x0000000088500000|100%| E|CS|TAMS 0x0000000088400000, 0x0000000088400000| Complete 
| 113|0x0000000088500000, 0x0000000088600000, 0x0000000088600000|100%| E|CS|TAMS 0x0000000088500000, 0x0000000088500000| Complete 
| 114|0x0000000088600000, 0x0000000088700000, 0x0000000088700000|100%| E|CS|TAMS 0x0000000088600000, 0x0000000088600000| Complete 
| 115|0x0000000088700000, 0x0000000088800000, 0x0000000088800000|100%| E|CS|TAMS 0x0000000088700000, 0x0000000088700000| Complete 
| 116|0x0000000088800000, 0x0000000088900000, 0x0000000088900000|100%| E|CS|TAMS 0x0000000088800000, 0x0000000088800000| Complete 
| 117|0x0000000088900000, 0x0000000088a00000, 0x0000000088a00000|100%| E|CS|TAMS 0x0000000088900000, 0x0000000088900000| Complete 
| 118|0x0000000088a00000, 0x0000000088b00000, 0x0000000088b00000|100%| E|  |TAMS 0x0000000088a00000, 0x0000000088a00000| Complete 
| 119|0x0000000088b00000, 0x0000000088c00000, 0x0000000088c00000|100%| E|CS|TAMS 0x0000000088b00000, 0x0000000088b00000| Complete 
| 120|0x0000000088c00000, 0x0000000088d00000, 0x0000000088d00000|100%| E|CS|TAMS 0x0000000088c00000, 0x0000000088c00000| Complete 
| 121|0x0000000088d00000, 0x0000000088e00000, 0x0000000088e00000|100%| E|CS|TAMS 0x0000000088d00000, 0x0000000088d00000| Complete 
| 122|0x0000000088e00000, 0x0000000088f00000, 0x0000000088f00000|100%| E|CS|TAMS 0x0000000088e00000, 0x0000000088e00000| Complete 
| 123|0x0000000088f00000, 0x0000000089000000, 0x0000000089000000|100%| E|CS|TAMS 0x0000000088f00000, 0x0000000088f00000| Complete 
| 124|0x0000000089000000, 0x0000000089100000, 0x0000000089100000|100%| E|CS|TAMS 0x0000000089000000, 0x0000000089000000| Complete 
| 125|0x0000000089100000, 0x0000000089200000, 0x0000000089200000|100%| E|CS|TAMS 0x0000000089100000, 0x0000000089100000| Complete 
| 126|0x0000000089200000, 0x0000000089300000, 0x0000000089300000|100%| E|CS|TAMS 0x0000000089200000, 0x0000000089200000| Complete 
| 127|0x0000000089300000, 0x0000000089400000, 0x0000000089400000|100%| E|CS|TAMS 0x0000000089300000, 0x0000000089300000| Complete 

Card table byte_map: [0x0000019a4a7b0000,0x0000019a4abb0000] _byte_map_base: 0x0000019a4a3a6000

Marking Bits (Prev, Next): (CMBitMap*) 0x0000019a3fbf0d40, (CMBitMap*) 0x0000019a3fbf0d80
 Prev Bits: [0x0000019a4afb0000, 0x0000019a4cf60000)
 Next Bits: [0x0000019a4cf60000, 0x0000019a4ef10000)

Polling page: 0x0000019a3dab0000

Metaspace:

Usage:
  Non-class:      7.01 MB used.
      Class:      1.00 MB used.
       Both:      8.02 MB used.

Virtual space:
  Non-class space:        8.00 MB reserved,       7.12 MB ( 89%) committed,  1 nodes.
      Class space:        1.00 GB reserved,       1.06 MB ( <1%) committed,  1 nodes.
             Both:        1.01 GB reserved,       8.19 MB ( <1%) committed. 

Chunk freelists:
   Non-Class:  607.00 KB
       Class:  2.87 MB
        Both:  3.47 MB

MaxMetaspaceSize: unlimited
CompressedClassSpaceSize: 1.00 GB
Initial GC threshold: 21.00 MB
Current GC threshold: 21.00 MB
CDS: on
MetaspaceReclaimPolicy: balanced
 - commit_granule_bytes: 65536.
 - commit_granule_words: 8192.
 - virtual_space_node_default_size: 1048576.
 - enlarge_chunks_in_place: 1.
 - new_chunks_are_fully_committed: 0.
 - uncommit_free_chunks: 1.
 - use_allocation_guard: 0.
 - handle_deallocations: 1.


Internal statistics:

num_allocs_failed_limit: 0.
num_arena_births: 114.
num_arena_deaths: 0.
num_vsnodes_births: 2.
num_vsnodes_deaths: 0.
num_space_committed: 131.
num_space_uncommitted: 0.
num_chunks_returned_to_freelist: 0.
num_chunks_taken_from_freelist: 252.
num_chunk_merges: 0.
num_chunk_splits: 166.
num_chunks_enlarged: 116.
num_purges: 0.
num_inconsistent_stats: 0.

CodeCache: size=49152Kb used=3791Kb max_used=3791Kb free=45360Kb
 bounds [0x0000019a473b0000, 0x0000019a47770000, 0x0000019a4a3b0000]
 total_blobs=1893 nmethods=1440 adapters=380
 compilation: enabled
              stopped_count=0, restarted_count=0
 full_count=0

Compilation events (20 events):
Event: 4.268 Thread 0x0000019a51dd2be0 nmethod 1429 0x0000019a47760290 code [0x0000019a47760420, 0x0000019a477604f8]
Event: 4.268 Thread 0x0000019a51dd2be0 1430       1       org.springframework.boot.context.properties.source.ConfigurationPropertyName$Elements::charAt (49 bytes)
Event: 4.269 Thread 0x0000019a512962b0 1431       1       org.springframework.boot.context.properties.source.ConfigurationPropertyName$ElementsParser::isAlphaNumeric (20 bytes)
Event: 4.269 Thread 0x0000019a51dd2be0 nmethod 1430 0x0000019a47760590 code [0x0000019a47760740, 0x0000019a477608f8]
Event: 4.269 Thread 0x0000019a51dd2be0 1432       1       org.springframework.boot.context.properties.source.ConfigurationPropertyName$ElementsParser::updateType (109 bytes)
Event: 4.269 Thread 0x0000019a512962b0 nmethod 1431 0x0000019a47760a10 code [0x0000019a47760ba0, 0x0000019a47760cb8]
Event: 4.269 Thread 0x0000019a512962b0 1433       1       org.springframework.boot.context.properties.source.ConfigurationPropertyName$ElementsParser::isValidChar (30 bytes)
Event: 4.269 Thread 0x0000019a512962b0 nmethod 1433 0x0000019a47760d10 code [0x0000019a47760ea0, 0x0000019a47760fd8]
Event: 4.270 Thread 0x0000019a51dd2be0 nmethod 1432 0x0000019a47761090 code [0x0000019a47761280, 0x0000019a47761778]
Event: 4.270 Thread 0x0000019a512962b0 1434       1       org.springframework.boot.context.properties.source.ConfigurationPropertyName$Elements::getType (7 bytes)
Event: 4.270 Thread 0x0000019a51dd2be0 1435       1       org.springframework.boot.context.properties.source.ConfigurationPropertyName$Elements::getLength (46 bytes)
Event: 4.270 Thread 0x0000019a512962b0 nmethod 1434 0x0000019a47761890 code [0x0000019a47761a20, 0x0000019a47761b18]
Event: 4.270 Thread 0x0000019a51dd2be0 nmethod 1435 0x0000019a47761c10 code [0x0000019a47761dc0, 0x0000019a47761f68]
Event: 4.270 Thread 0x0000019a512962b0 1436       1       org.springframework.boot.context.properties.source.ConfigurationPropertyName::hashCode (127 bytes)
Event: 4.270 Thread 0x0000019a51dd2be0 1437       1       org.springframework.boot.context.properties.source.ConfigurationPropertyName::getNumberOfElements (8 bytes)
Event: 4.270 Thread 0x0000019a51dd2be0 nmethod 1437 0x0000019a47762110 code [0x0000019a477622a0, 0x0000019a47762378]
Event: 4.270 Thread 0x0000019a51dd2be0 1438       1       org.springframework.boot.context.properties.source.ConfigurationPropertyName::isEmpty (16 bytes)
Event: 4.270 Thread 0x0000019a51dd2be0 nmethod 1438 0x0000019a47762410 code [0x0000019a477625a0, 0x0000019a47762678]
Event: 4.271 Thread 0x0000019a512962b0 nmethod 1436 0x0000019a47762710 code [0x0000019a477628e0, 0x0000019a47762bf8]
Event: 4.271 Thread 0x0000019a512962b0 1440       1       jdk.internal.org.objectweb.asm.Type::getTypeInternal (199 bytes)

GC Heap History (6 events):
Event: 2.483 GC heap before
{Heap before GC invocations=0 (full 0):
 garbage-first heap   total 131072K, used 15360K [0x0000000081400000, 0x0000000100000000)
  region size 1024K, 13 young (13312K), 0 survivors (0K)
 Metaspace       used 4800K, committed 4928K, reserved 1056768K
  class space    used 561K, committed 640K, reserved 1048576K
}
Event: 2.494 GC heap after
{Heap after GC invocations=1 (full 0):
 garbage-first heap   total 131072K, used 8413K [0x0000000081400000, 0x0000000100000000)
  region size 1024K, 2 young (2048K), 2 survivors (2048K)
 Metaspace       used 4800K, committed 4928K, reserved 1056768K
  class space    used 561K, committed 640K, reserved 1048576K
}
Event: 3.096 GC heap before
{Heap before GC invocations=1 (full 0):
 garbage-first heap   total 131072K, used 16605K [0x0000000081400000, 0x0000000100000000)
  region size 1024K, 10 young (10240K), 2 survivors (2048K)
 Metaspace       used 6362K, committed 6528K, reserved 1056768K
  class space    used 769K, committed 832K, reserved 1048576K
}
Event: 3.099 GC heap after
{Heap after GC invocations=2 (full 0):
 garbage-first heap   total 131072K, used 9743K [0x0000000081400000, 0x0000000100000000)
  region size 1024K, 2 young (2048K), 2 survivors (2048K)
 Metaspace       used 6362K, committed 6528K, reserved 1056768K
  class space    used 769K, committed 832K, reserved 1048576K
}
Event: 3.172 GC heap before
{Heap before GC invocations=2 (full 0):
 garbage-first heap   total 131072K, used 28175K [0x0000000081400000, 0x0000000100000000)
  region size 1024K, 21 young (21504K), 2 survivors (2048K)
 Metaspace       used 6560K, committed 6720K, reserved 1056768K
  class space    used 794K, committed 896K, reserved 1048576K
}
Event: 3.176 GC heap after
{Heap after GC invocations=3 (full 0):
 garbage-first heap   total 131072K, used 10041K [0x0000000081400000, 0x0000000100000000)
  region size 1024K, 2 young (2048K), 2 survivors (2048K)
 Metaspace       used 6560K, committed 6720K, reserved 1056768K
  class space    used 794K, committed 896K, reserved 1048576K
}

Deoptimization events (4 events):
Event: 0.813 Thread 0x0000019a3fbb35d0 DEOPT PACKING pc=0x0000019a4759a885 sp=0x0000002e6b6fe430
Event: 0.813 Thread 0x0000019a3fbb35d0 DEOPT UNPACKING pc=0x0000019a47402b43 sp=0x0000002e6b6fd990 mode 3
Event: 2.965 Thread 0x0000019a3fbb35d0 DEOPT PACKING pc=0x0000019a475ff4f5 sp=0x0000002e6b6fdbe0
Event: 2.965 Thread 0x0000019a3fbb35d0 DEOPT UNPACKING pc=0x0000019a47402b43 sp=0x0000002e6b6fd038 mode 3

Classes unloaded (0 events):
No events

Classes redefined (0 events):
No events

Internal exceptions (20 events):
Event: 1.350 Thread 0x0000019a3fbb35d0 Exception <a 'java/lang/NoSuchMethodError'{0x0000000088bf5ed0}: 'int java.lang.invoke.DirectMethodHandle$Holder.invokeSpecial(java.lang.Object, java.lang.Object, java.lang.Object)'> (0x0000000088bf5ed0) 
thrown [t:\workspace\open\src\hotspot\share\interpreter\linkResolver.cpp, line 766]
Event: 1.458 Thread 0x0000019a3fbb35d0 Exception <a 'java/lang/NoSuchMethodError'{0x0000000088aefd80}: 'void java.lang.invoke.DirectMethodHandle$Holder.invokeStatic(java.lang.Object, java.lang.Object, java.lang.Object)'> (0x0000000088aefd80) 
thrown [t:\workspace\open\src\hotspot\share\interpreter\linkResolver.cpp, line 766]
Event: 1.481 Thread 0x0000019a3fbb35d0 Exception <a 'java/lang/NoSuchMethodError'{0x000000008892ca10}: 'int java.lang.invoke.DirectMethodHandle$Holder.invokeSpecialIFC(java.lang.Object, java.lang.Object, java.lang.Object)'> (0x000000008892ca10) 
thrown [t:\workspace\open\src\hotspot\share\interpreter\linkResolver.cpp, line 766]
Event: 1.534 Thread 0x0000019a3fbb35d0 Exception <a 'java/lang/NoSuchMethodError'{0x00000000889e5340}: 'java.lang.Object java.lang.invoke.DirectMethodHandle$Holder.invokeStaticInit(java.lang.Object, int, int, int, int)'> (0x00000000889e5340) 
thrown [t:\workspace\open\src\hotspot\share\interpreter\linkResolver.cpp, line 766]
Event: 1.706 Thread 0x0000019a3fbb35d0 Exception <a 'java/lang/NoSuchMethodError'{0x000000008881d338}: 'java.lang.Object java.lang.invoke.DirectMethodHandle$Holder.invokeStaticInit(java.lang.Object, java.lang.Object, int, int, int, int)'> (0x000000008881d338) 
thrown [t:\workspace\open\src\hotspot\share\interpreter\linkResolver.cpp, line 766]
Event: 1.829 Thread 0x0000019a3fbb35d0 Exception <a 'java/lang/ClassNotFoundException'{0x000000008883b5c8}: javax/management/remote/rmi/RMIServerImpl_Skel> (0x000000008883b5c8) 
thrown [t:\workspace\open\src\hotspot\share\classfile\systemDictionary.cpp, line 256]
Event: 2.510 Thread 0x0000019a3fbb35d0 Exception <a 'java/lang/ClassNotFoundException'{0x00000000893124d0}: javax/smartcardio/CardPermission> (0x00000000893124d0) 
thrown [t:\workspace\open\src\hotspot\share\classfile\systemDictionary.cpp, line 256]
Event: 2.515 Thread 0x0000019a3fbb35d0 Exception <a 'java/io/FileNotFoundException'{0x0000000089320a00}> (0x0000000089320a00) 
thrown [t:\workspace\open\src\hotspot\share\prims\jni.cpp, line 516]
Event: 2.781 Thread 0x0000019a3fbb35d0 Exception <a 'java/lang/NoSuchMethodError'{0x0000000088f93be8}: 'java.lang.Object java.lang.invoke.DirectMethodHandle$Holder.invokeSpecialIFC(java.lang.Object, java.lang.Object, java.lang.Object, java.lang.Object)'> (0x0000000088f93be8) 
thrown [t:\workspace\open\src\hotspot\share\interpreter\linkResolver.cpp, line 766]
Event: 2.878 Thread 0x0000019a3fbb35d0 Exception <a 'java/lang/NoSuchMethodError'{0x0000000088e34e60}: 'int java.lang.invoke.DirectMethodHandle$Holder.invokeStaticInit(java.lang.Object, java.lang.Object)'> (0x0000000088e34e60) 
thrown [t:\workspace\open\src\hotspot\share\interpreter\linkResolver.cpp, line 766]
Event: 3.045 Thread 0x0000019a3fbb35d0 Exception <a 'java/lang/NoSuchMethodError'{0x0000000088c16400}: 'int java.lang.invoke.DirectMethodHandle$Holder.invokeStaticInit(java.lang.Object, java.lang.Object, java.lang.Object)'> (0x0000000088c16400) 
thrown [t:\workspace\open\src\hotspot\share\interpreter\linkResolver.cpp, line 766]
Event: 3.058 Thread 0x0000019a3fbb35d0 Exception <a 'java/lang/NoSuchMethodError'{0x0000000088c6dde8}: 'java.lang.Object java.lang.invoke.DirectMethodHandle$Holder.newInvokeSpecial(java.lang.Object, java.lang.Object, java.lang.Object, java.lang.Object, java.lang.Object)'> (0x0000000088c6dde8) 
thrown [t:\workspace\open\src\hotspot\share\interpreter\linkResolver.cpp, line 766]
Event: 3.507 Thread 0x0000019a52637430 Exception <a 'java/lang/NoSuchMethodError'{0x00000000878aeec8}: 'org.slf4j.impl.StaticMDCBinder org.slf4j.impl.StaticMDCBinder.getSingleton()'> (0x00000000878aeec8) 
thrown [t:\workspace\open\src\hotspot\share\interpreter\linkResolver.cpp, line 766]
Event: 3.713 Thread 0x0000019a520cdb60 Exception <a 'sun/nio/fs/WindowsException'{0x000000008768a1a0}> (0x000000008768a1a0) 
thrown [t:\workspace\open\src\hotspot\share\prims\jni.cpp, line 516]
Event: 4.172 Thread 0x0000019a5128e900 Exception <a 'java/lang/NoSuchMethodError'{0x000000008734c5d0}: 'java.lang.Object java.lang.invoke.DirectMethodHandle$Holder.invokeStaticInit(java.lang.Object, int)'> (0x000000008734c5d0) 
thrown [t:\workspace\open\src\hotspot\share\interpreter\linkResolver.cpp, line 766]
Event: 4.209 Thread 0x0000019a520cdb60 Exception <a 'java/lang/NoSuchMethodError'{0x0000000087297768}: 'void java.lang.invoke.DirectMethodHandle$Holder.invokeStatic(java.lang.Object, java.lang.Object, java.lang.Object, java.lang.Object)'> (0x0000000087297768) 
thrown [t:\workspace\open\src\hotspot\share\interpreter\linkResolver.cpp, line 766]
Event: 4.217 Thread 0x0000019a520cdb60 Exception <a 'java/lang/NoSuchMethodError'{0x00000000872b8d00}: 'java.lang.Object java.lang.invoke.Invokers$Holder.invokeExact_MT(java.lang.Object, java.lang.Object, java.lang.Object, java.lang.Object, java.lang.Object, java.lang.Object)'> (0x00000000872b8d00) 
thrown [t:\workspace\open\src\hotspot\share\interpreter\linkResolver.cpp, line 766]
Event: 4.221 Thread 0x0000019a520cdb60 Exception <a 'java/lang/NoSuchMethodError'{0x00000000872cec88}: 'java.lang.Object java.lang.invoke.DirectMethodHandle$Holder.invokeInterface(java.lang.Object, java.lang.Object, java.lang.Object)'> (0x00000000872cec88) 
thrown [t:\workspace\open\src\hotspot\share\interpreter\linkResolver.cpp, line 766]
Event: 4.222 Thread 0x0000019a520cdb60 Exception <a 'java/lang/IncompatibleClassChangeError'{0x00000000872d2610}: Found class java.lang.Object, but interface was expected> (0x00000000872d2610) 
thrown [t:\workspace\open\src\hotspot\share\interpreter\linkResolver.cpp, line 833]
Event: 4.271 Thread 0x0000019a520cdb60 Exception <a 'java/lang/NoSuchMethodError'{0x00000000871eff38}: 'int java.lang.invoke.DirectMethodHandle$Holder.invokeSpecial(java.lang.Object, java.lang.Object, java.lang.Object, java.lang.Object)'> (0x00000000871eff38) 
thrown [t:\workspace\open\src\hotspot\share\interpreter\linkResolver.cpp, line 766]

VM Operations (20 events):
Event: 0.339 Executing VM operation: HandshakeAllThreads
Event: 0.339 Executing VM operation: HandshakeAllThreads done
Event: 0.969 Executing VM operation: HandshakeAllThreads
Event: 1.128 Executing VM operation: HandshakeAllThreads done
Event: 1.128 Executing VM operation: Cleanup
Event: 1.128 Executing VM operation: Cleanup done
Event: 1.252 Executing VM operation: HandshakeAllThreads
Event: 1.252 Executing VM operation: HandshakeAllThreads done
Event: 1.517 Executing VM operation: HandshakeAllThreads
Event: 1.517 Executing VM operation: HandshakeAllThreads done
Event: 2.483 Executing VM operation: G1CollectForAllocation
Event: 2.494 Executing VM operation: G1CollectForAllocation done
Event: 2.739 Executing VM operation: HandshakeAllThreads
Event: 2.739 Executing VM operation: HandshakeAllThreads done
Event: 3.096 Executing VM operation: G1CollectForAllocation
Event: 3.099 Executing VM operation: G1CollectForAllocation done
Event: 3.172 Executing VM operation: G1CollectForAllocation
Event: 3.176 Executing VM operation: G1CollectForAllocation done
Event: 3.720 Executing VM operation: HandshakeAllThreads
Event: 3.720 Executing VM operation: HandshakeAllThreads done

Events (20 events):
Event: 4.179 loading class java/time/MonthDay
Event: 4.180 loading class java/time/MonthDay done
Event: 4.184 loading class sun/reflect/generics/tree/CharSignature
Event: 4.184 loading class sun/reflect/generics/tree/CharSignature done
Event: 4.184 loading class sun/reflect/generics/tree/ArrayTypeSignature
Event: 4.185 loading class sun/reflect/generics/tree/ArrayTypeSignature done
Event: 4.202 loading class sun/reflect/generics/tree/ByteSignature
Event: 4.202 loading class sun/reflect/generics/tree/ByteSignature done
Event: 4.218 loading class java/util/Collections$ReverseComparator
Event: 4.218 loading class java/util/Collections$ReverseComparator done
Event: 4.219 loading class java/util/Collections$ReverseComparator2
Event: 4.219 loading class java/util/Collections$ReverseComparator2 done
Event: 4.226 loading class java/util/Collections$UnmodifiableMap$UnmodifiableEntrySet
Event: 4.227 loading class java/util/Collections$UnmodifiableMap$UnmodifiableEntrySet done
Event: 4.227 loading class java/util/Collections$UnmodifiableMap$UnmodifiableEntrySet$1
Event: 4.227 loading class java/util/Collections$UnmodifiableMap$UnmodifiableEntrySet$1 done
Event: 4.227 loading class java/util/Collections$UnmodifiableMap$UnmodifiableEntrySet$UnmodifiableEntry
Event: 4.227 loading class java/util/Collections$UnmodifiableMap$UnmodifiableEntrySet$UnmodifiableEntry done
Event: 4.266 loading class java/util/function/UnaryOperator
Event: 4.266 loading class java/util/function/UnaryOperator done


Dynamic libraries:
0x00007ff749730000 - 0x00007ff749740000 	C:\Program Files\Java\jdk-17\bin\java.exe
0x00007ffea0890000 - 0x00007ffea0a85000 	C:\WINDOWS\SYSTEM32\ntdll.dll
0x00007ffe9fc10000 - 0x00007ffe9fccd000 	C:\WINDOWS\System32\KERNEL32.DLL
0x00007ffe9e510000 - 0x00007ffe9e7dd000 	C:\WINDOWS\System32\KERNELBASE.dll
0x00007ffe9dfd0000 - 0x00007ffe9e0d0000 	C:\WINDOWS\System32\ucrtbase.dll
0x00007ffe99680000 - 0x00007ffe99698000 	C:\Program Files\Java\jdk-17\bin\jli.dll
0x00007ffe9e8e0000 - 0x00007ffe9e98e000 	C:\WINDOWS\System32\ADVAPI32.dll
0x00007ffea04b0000 - 0x00007ffea054e000 	C:\WINDOWS\System32\msvcrt.dll
0x00007ffe970f0000 - 0x00007ffe9710a000 	C:\Program Files\Java\jdk-17\bin\VCRUNTIME140.dll
0x00007ffe9fcd0000 - 0x00007ffe9fd6c000 	C:\WINDOWS\System32\sechost.dll
0x00007ffe9fa50000 - 0x00007ffe9fb75000 	C:\WINDOWS\System32\RPCRT4.dll
0x00007ffea02e0000 - 0x00007ffea0480000 	C:\WINDOWS\System32\USER32.dll
0x00007ffe9dfa0000 - 0x00007ffe9dfc2000 	C:\WINDOWS\System32\win32u.dll
0x00007ffea0480000 - 0x00007ffea04aa000 	C:\WINDOWS\System32\GDI32.dll
0x00007ffe7c5f0000 - 0x00007ffe7c88a000 	C:\WINDOWS\WinSxS\amd64_microsoft.windows.common-controls_6595b64144ccf1df_6.0.19041.1110_none_60b5254171f9507e\COMCTL32.dll
0x00007ffe9e3d0000 - 0x00007ffe9e4db000 	C:\WINDOWS\System32\gdi32full.dll
0x00007ffe9e180000 - 0x00007ffe9e21d000 	C:\WINDOWS\System32\msvcp_win.dll
0x00007ffe980e0000 - 0x00007ffe980ea000 	C:\WINDOWS\SYSTEM32\VERSION.dll
0x00007ffe9f760000 - 0x00007ffe9f790000 	C:\WINDOWS\System32\IMM32.DLL
0x00007ffe9b4c0000 - 0x00007ffe9b4cc000 	C:\Program Files\Java\jdk-17\bin\vcruntime140_1.dll
0x00007ffe66490000 - 0x00007ffe6651d000 	C:\Program Files\Java\jdk-17\bin\msvcp140.dll
0x00007ffe57990000 - 0x00007ffe5854e000 	C:\Program Files\Java\jdk-17\bin\server\jvm.dll
0x00007ffe9ee10000 - 0x00007ffe9ee18000 	C:\WINDOWS\System32\PSAPI.DLL
0x00007ffe869a0000 - 0x00007ffe869a9000 	C:\WINDOWS\SYSTEM32\WSOCK32.dll
0x00007ffe9f9e0000 - 0x00007ffe9fa4b000 	C:\WINDOWS\System32\WS2_32.dll
0x00007ffe7a560000 - 0x00007ffe7a587000 	C:\WINDOWS\SYSTEM32\WINMM.dll
0x00007ffe9c830000 - 0x00007ffe9c842000 	C:\WINDOWS\SYSTEM32\kernel.appcore.dll
0x00007ffe9b4a0000 - 0x00007ffe9b4aa000 	C:\Program Files\Java\jdk-17\bin\jimage.dll
0x00007ffe9bd90000 - 0x00007ffe9bf74000 	C:\WINDOWS\SYSTEM32\DBGHELP.DLL
0x00007ffe8a150000 - 0x00007ffe8a17c000 	C:\WINDOWS\SYSTEM32\dbgcore.DLL
0x00007ffe9e7e0000 - 0x00007ffe9e862000 	C:\WINDOWS\System32\bcryptPrimitives.dll
0x00007ffe7bd00000 - 0x00007ffe7bd0e000 	C:\Program Files\Java\jdk-17\bin\instrument.dll
0x00007ffe96c30000 - 0x00007ffe96c55000 	C:\Program Files\Java\jdk-17\bin\java.dll
0x00007ffe663b0000 - 0x00007ffe66486000 	C:\Program Files\Java\jdk-17\bin\svml.dll
0x00007ffe9ee20000 - 0x00007ffe9f564000 	C:\WINDOWS\System32\SHELL32.dll
0x00007ffe9bf80000 - 0x00007ffe9c714000 	C:\WINDOWS\SYSTEM32\windows.storage.dll
0x00007ffe9fd70000 - 0x00007ffea00c4000 	C:\WINDOWS\System32\combase.dll
0x00007ffe9d930000 - 0x00007ffe9d95c000 	C:\WINDOWS\SYSTEM32\Wldp.dll
0x00007ffe9f930000 - 0x00007ffe9f9dd000 	C:\WINDOWS\System32\SHCORE.dll
0x00007ffea00d0000 - 0x00007ffea0125000 	C:\WINDOWS\System32\shlwapi.dll
0x00007ffe9dee0000 - 0x00007ffe9deff000 	C:\WINDOWS\SYSTEM32\profapi.dll
0x00007ffe89220000 - 0x00007ffe89238000 	C:\Program Files\Java\jdk-17\bin\zip.dll
0x00007ffe96bc0000 - 0x00007ffe96bd9000 	C:\Program Files\Java\jdk-17\bin\net.dll
0x00007ffe8bac0000 - 0x00007ffe8bbca000 	C:\WINDOWS\SYSTEM32\WINHTTP.dll
0x00007ffe9d690000 - 0x00007ffe9d6fa000 	C:\WINDOWS\system32\mswsock.dll
0x00007ffe96b50000 - 0x00007ffe96b65000 	C:\Program Files\Java\jdk-17\bin\nio.dll
0x00007ffe796c0000 - 0x00007ffe796da000 	C:\Program Files\JetBrains\IntelliJ IDEA 2021.3.2\bin\breakgen64.dll
0x00007ffe9d3c0000 - 0x00007ffe9d48b000 	C:\WINDOWS\SYSTEM32\DNSAPI.dll
0x00007ffe9d380000 - 0x00007ffe9d3bb000 	C:\WINDOWS\SYSTEM32\IPHLPAPI.DLL
0x00007ffea0760000 - 0x00007ffea0768000 	C:\WINDOWS\System32\NSI.dll
0x00007ffe8b570000 - 0x00007ffe8b57a000 	C:\Windows\System32\rasadhlp.dll
0x00007ffe8b700000 - 0x00007ffe8b780000 	C:\WINDOWS\System32\fwpuclnt.dll
0x00007ffe9e4e0000 - 0x00007ffe9e507000 	C:\WINDOWS\System32\bcrypt.dll
0x00007ffe96c20000 - 0x00007ffe96c29000 	C:\Program Files\Java\jdk-17\bin\management.dll
0x00007ffe96bb0000 - 0x00007ffe96bbb000 	C:\Program Files\Java\jdk-17\bin\management_ext.dll
0x00007ffe9d880000 - 0x00007ffe9d898000 	C:\WINDOWS\SYSTEM32\CRYPTSP.dll
0x00007ffe9d010000 - 0x00007ffe9d044000 	C:\WINDOWS\system32\rsaenh.dll
0x00007ffe9dea0000 - 0x00007ffe9dece000 	C:\WINDOWS\SYSTEM32\USERENV.dll
0x00007ffe9d8a0000 - 0x00007ffe9d8ac000 	C:\WINDOWS\SYSTEM32\CRYPTBASE.dll
0x00007ffe960b0000 - 0x00007ffe960c7000 	C:\WINDOWS\SYSTEM32\dhcpcsvc6.DLL
0x00007ffe96090000 - 0x00007ffe960ad000 	C:\WINDOWS\SYSTEM32\dhcpcsvc.DLL
0x00007ffe79c30000 - 0x00007ffe79c47000 	C:\WINDOWS\system32\napinsp.dll
0x00007ffe79c10000 - 0x00007ffe79c2b000 	C:\WINDOWS\system32\pnrpnsp.dll
0x00007ffe79bf0000 - 0x00007ffe79c05000 	C:\WINDOWS\system32\wshbth.dll
0x00007ffe995d0000 - 0x00007ffe995ed000 	C:\WINDOWS\system32\NLAapi.dll
0x00007ffe79840000 - 0x00007ffe79852000 	C:\WINDOWS\System32\winrnr.dll

dbghelp: loaded successfully - version: 4.0.5 - missing functions: none
symbol engine: initialized successfully - sym options: 0x614 - pdb path: .;C:\Program Files\Java\jdk-17\bin;C:\WINDOWS\SYSTEM32;C:\WINDOWS\WinSxS\amd64_microsoft.windows.common-controls_6595b64144ccf1df_6.0.19041.1110_none_60b5254171f9507e;C:\Program Files\Java\jdk-17\bin\server;C:\Program Files\JetBrains\IntelliJ IDEA 2021.3.2\bin

VM Arguments:
jvm_args: -XX:TieredStopAtLevel=1 -Xverify:none -Dspring.output.ansi.enabled=always -Dcom.sun.management.jmxremote -Dspring.jmx.enabled=true -Dspring.liveBeansView.mbeanDomain -Dspring.application.admin.enabled=true -javaagent:C:\Program Files\JetBrains\IntelliJ IDEA 2021.3.2\lib\idea_rt.jar=63029:C:\Program Files\JetBrains\IntelliJ IDEA 2021.3.2\bin -Dfile.encoding=UTF-8 
java_command: com.gsnotes.ApplicationLauncher
java_class_path (initial): C:\Users\SuperElectro\IdeaProjects\gs_notes_app_boot\target\classes;C:\Users\SuperElectro\.m2\repository\org\springframework\boot\spring-boot-starter-data-jpa\2.6.7\spring-boot-starter-data-jpa-2.6.7.jar;C:\Users\SuperElectro\.m2\repository\org\springframework\boot\spring-boot-starter-aop\2.6.7\spring-boot-starter-aop-2.6.7.jar;C:\Users\SuperElectro\.m2\repository\org\aspectj\aspectjweaver\1.9.7\aspectjweaver-1.9.7.jar;C:\Users\SuperElectro\.m2\repository\org\springframework\boot\spring-boot-starter-jdbc\2.6.7\spring-boot-starter-jdbc-2.6.7.jar;C:\Users\SuperElectro\.m2\repository\com\zaxxer\HikariCP\4.0.3\HikariCP-4.0.3.jar;C:\Users\SuperElectro\.m2\repository\org\springframework\spring-jdbc\5.3.19\spring-jdbc-5.3.19.jar;C:\Users\SuperElectro\.m2\repository\jakarta\transaction\jakarta.transaction-api\1.3.3\jakarta.transaction-api-1.3.3.jar;C:\Users\SuperElectro\.m2\repository\jakarta\persistence\jakarta.persistence-api\2.2.3\jakarta.persistence-api-2.2.3.jar;C:\Users\SuperElectro\.m2\repository\org\hibernate\hibernate-core\5.6.8.Final\hibernate-core-5.6.8.Final.jar;C:\Users\SuperElectro\.m2\repository\net\bytebuddy\byte-buddy\1.11.22\byte-buddy-1.11.22.jar;C:\Users\SuperElectro\.m2\repository\antlr\antlr\2.7.7\antlr-2.7.7.jar;C:\Users\SuperElectro\.m2\repository\org\jboss\jandex\2.4.2.Final\jandex-2.4.2.Final.jar;C:\Users\SuperElectro\.m2\repository\org\hibernate\common\hibernate-commons-annotations\5.1.2.Final\hibernate-commons-annotations-5.1.2.Final.jar;C:\Users\SuperElectro\.m2\repository\org\glassfish\jaxb\jaxb-runtime\2.3.6\jaxb-runtime-2.3.6.jar;C:\Users\SuperElectro\.m2\repository\org\glassfish\jaxb\txw2\2.3.6\txw2-2.3.6.jar;C:\Users\SuperElectro\.m2\repository\com\sun\istack\istack-commons-runtime\3.0.12\istack-commons-runtime-3.0.12.jar;C:\Users\SuperElectro\.m2\repository\com\sun\activation\jakarta.activation\1.2.2\jakarta.activation-1.2.2.jar;C:\Users\SuperElectro\.m2\repository\org\springframework\data\spring-data-jpa\2.6.4
Launcher Type: SUN_STANDARD

[Global flags]
     intx CICompilerCount                          = 3                                         {product} {ergonomic}
     uint ConcGCThreads                            = 1                                         {product} {ergonomic}
     uint G1ConcRefinementThreads                  = 4                                         {product} {ergonomic}
   size_t G1HeapRegionSize                         = 1048576                                   {product} {ergonomic}
    uintx GCDrainStackTargetSize                   = 64                                        {product} {ergonomic}
   size_t InitialHeapSize                          = 134217728                                 {product} {ergonomic}
     bool ManagementServer                         = true                                      {product} {command line}
   size_t MarkStackSize                            = 4194304                                   {product} {ergonomic}
   size_t MaxHeapSize                              = 2126512128                                {product} {ergonomic}
   size_t MaxNewSize                               = 1275068416                                {product} {ergonomic}
   size_t MinHeapDeltaBytes                        = 1048576                                   {product} {ergonomic}
   size_t MinHeapSize                              = 8388608                                   {product} {ergonomic}
    uintx NonProfiledCodeHeapSize                  = 0                                      {pd product} {ergonomic}
     bool ProfileInterpreter                       = false                                  {pd product} {command line}
    uintx ProfiledCodeHeapSize                     = 0                                      {pd product} {ergonomic}
   size_t SoftMaxHeapSize                          = 2126512128                             {manageable} {ergonomic}
     intx TieredStopAtLevel                        = 1                                         {product} {command line}
     bool UseCompressedClassPointers               = true                           {product lp64_product} {ergonomic}
     bool UseCompressedOops                        = true                           {product lp64_product} {ergonomic}
     bool UseG1GC                                  = true                                      {product} {ergonomic}
     bool UseLargePagesIndividualAllocation        = false                                  {pd product} {ergonomic}

Logging:
Log output configuration:
 #0: stdout all=warning uptime,level,tags
 #1: stderr all=off uptime,level,tags

Environment Variables:
JAVA_HOME=C:\Program Files\Java\jdk-17
PATH=C:\app\SuperElectro\product\21c\dbhomeXE\bin;C:\Program Files\Common Files\Oracle\Java\javapath;C:\Program Files\Python39\Scripts\;C:\Program Files\Python39\;C:\Program Files (x86)\Common Files\Oracle\Java\javapath;C:\wamp64\bin\php\php7.4.9;C:\Program Files\Git\cmd;C:\xampp\php;C:\composer;C:\WINDOWS\system32;C:\WINDOWS;C:\WINDOWS\System32\Wbem;C:\WINDOWS\System32\WindowsPowerShell\v1.0\;C:\WINDOWS\System32\OpenSSH\;C:\Program Files\nodejs\;C:\ProgramData\chocolatey\bin;C:\Program Files\Java\jdk-17\bin;C:\Program Files (x86)\cmder\bin;C:\Program Files\PuTTY\;C:\app\SuperElectro\product\21c\dbhomeXE\bin;C:\Program Files\Common Files\Oracle\Java\javapath;C:\Program Files\Python39\Scripts\;C:\Program Files\Python39\;C:\Program Files (x86)\Common Files\Oracle\Java\javapath;C:\wamp64\bin\php\php7.4.9;C:\Program Files\Git\cmd;C:\xampp\php;C:\composer;C:\WINDOWS\system32;C:\WINDOWS;C:\WINDOWS\System32\Wbem;C:\WINDOWS\System32\WindowsPowerShell\v1.0\;C:\WINDOWS\System32\OpenSSH\;C:\Program Files\nodejs\;C:\ProgramData\chocolatey\bin;C:\Program Files\Java\jdk-17\bin;C:\Program Files (x86)\cmder\bin;C:\Users\SuperElectro\AppData\Roaming\Composer\vendor\bin;C:\cmder;C:\Users\SuperElectro\AppData\Local\Programs\Microsoft VS Code\bin;C:\Users\SuperElectro\AppData\Local\Microsoft\WindowsApps;C:\Users\SuperElectro\AppData\Roaming\npm;C:\ProgramData\SuperElectro\atom\bin;C:\Users\SuperElectro\AppData\Local\atom\bin;C:\Users\SuperElectro\AppData\Local\Turbo\Cmd\;C:\Users\SuperElectro\AppData\Local\Programs\Hyper\resources\bin;C:\Program Files\JetBrains\IntelliJ IDEA 2021.3.2\bin;;
USERNAME=SuperElectro
OS=Windows_NT
PROCESSOR_IDENTIFIER=Intel64 Family 6 Model 142 Stepping 9, GenuineIntel



---------------  S Y S T E M  ---------------

OS:
 Windows 10 , 64 bit Build 19041 (10.0.19041.1682)
OS uptime: 11 days 8:36 hours

CPU: total 4 (initial active 4) (2 cores per cpu, 2 threads per core) family 6 model 142 stepping 9 microcode 0xb4, cx8, cmov, fxsr, ht, mmx, 3dnowpref, sse, sse2, sse3, ssse3, sse4.1, sse4.2, popcnt, lzcnt, tsc, tscinvbit, avx, avx2, aes, erms, clmul, bmi1, bmi2, adx, fma, vzeroupper, clflush, clflushopt

Memory: 4k page, system-wide physical 8108M (428M free)
TotalPageFile size 23258M (AvailPageFile size 0M)
current process WorkingSet (physical memory assigned to process): 92M, peak: 92M
current process commit charge ("private bytes"): 215M, peak: 215M

vm_info: Java HotSpot(TM) 64-Bit Server VM (17+35-LTS-2724) for windows-amd64 JRE (17+35-LTS-2724), built on Aug  5 2021 23:28:28 by "mach5one" with MS VC++ 16.8 (VS2019)

END.
